# JRE version: OpenJDK Runtime Environment (8.0_152-b01) (build 1.8.0_152-release-1343-b01)
# Java VM: OpenJDK 64-Bit Server VM (25.152-b01 mixed mode windows-amd64 compressed oops)
Heap:
 PSYoungGen      total 30720K, used 23090K [0x00000000e0000000, 0x00000000e3300000, 0x0000000100000000)
  eden space 25600K, 90% used [0x00000000e0000000,0x00000000e168c9a0,0x00000000e1900000)
  from space 5120K, 0% used [0x00000000e1900000,0x00000000e1900000,0x00000000e1e00000)
  to   space 5632K, 0% used [0x00000000e2d80000,0x00000000e2d80000,0x00000000e3300000)
 ParOldGen       total 32256K, used 7674K [0x00000000a0000000, 0x00000000a1f80000, 0x00000000e0000000)
  object space 32256K, 23% used [0x00000000a0000000,0x00000000a077e9d8,0x00000000a1f80000)
 Metaspace       used 25014K, capacity 25520K, committed 25600K, reserved 1071104K
  class space    used 3386K, capacity 3575K, committed 3584K, reserved 1048576K
GC Heap History (10 events):
Event: 14.876 GC heap before
{Heap before GC invocations=8 (full 0):
 PSYoungGen      total 19456K, used 19436K [0x00000000e0000000, 0x00000000e1980000, 0x0000000100000000)
  eden space 15872K, 100% used [0x00000000e0000000,0x00000000e0f80000,0x00000000e0f80000)
  from space 3584K, 99% used [0x00000000e0f80000,0x00000000e12fb060,0x00000000e1300000)
  to   space 5120K, 0% used [0x00000000e1480000,0x00000000e1480000,0x00000000e1980000)
 ParOldGen       total 44032K, used 5661K [0x00000000a0000000, 0x00000000a2b00000, 0x00000000e0000000)
  object space 44032K, 12% used [0x00000000a0000000,0x00000000a0587500,0x00000000a2b00000)
 Metaspace       used 16317K, capacity 16660K, committed 16896K, reserved 1062912K
  class space    used 2324K, capacity 2492K, committed 2560K, reserved 1048576K
Event: 14.890 GC heap after
Heap after GC invocations=8 (full 0):
 PSYoungGen      total 20992K, used 3944K [0x00000000e0000000, 0x00000000e2900000, 0x0000000100000000)
  eden space 15872K, 0% used [0x00000000e0000000,0x00000000e0000000,0x00000000e0f80000)
  from space 5120K, 77% used [0x00000000e1480000,0x00000000e185a0b0,0x00000000e1980000)
  to   space 5120K, 0% used [0x00000000e0f80000,0x00000000e0f80000,0x00000000e1480000)
 ParOldGen       total 44032K, used 6477K [0x00000000a0000000, 0x00000000a2b00000, 0x00000000e0000000)
  object space 44032K, 14% used [0x00000000a0000000,0x00000000a0653520,0x00000000a2b00000)
 Metaspace       used 16317K, capacity 16660K, committed 16896K, reserved 1062912K
  class space    used 2324K, capacity 2492K, committed 2560K, reserved 1048576K
}
Event: 16.339 GC heap before
{Heap before GC invocations=9 (full 0):
 PSYoungGen      total 20992K, used 19816K [0x00000000e0000000, 0x00000000e2900000, 0x0000000100000000)
  eden space 15872K, 100% used [0x00000000e0000000,0x00000000e0f80000,0x00000000e0f80000)
  from space 5120K, 77% used [0x00000000e1480000,0x00000000e185a0b0,0x00000000e1980000)
  to   space 5120K, 0% used [0x00000000e0f80000,0x00000000e0f80000,0x00000000e1480000)
 ParOldGen       total 44032K, used 6477K [0x00000000a0000000, 0x00000000a2b00000, 0x00000000e0000000)
  object space 44032K, 14% used [0x00000000a0000000,0x00000000a0653520,0x00000000a2b00000)
 Metaspace       used 17654K, capacity 18038K, committed 18432K, reserved 1064960K
  class space    used 2549K, capacity 2717K, committed 2816K, reserved 1048576K
Event: 16.361 GC heap after
Heap after GC invocations=9 (full 0):
 PSYoungGen      total 20992K, used 2834K [0x00000000e0000000, 0x00000000e2300000, 0x0000000100000000)
  eden space 15872K, 0% used [0x00000000e0000000,0x00000000e0000000,0x00000000e0f80000)
  from space 5120K, 55% used [0x00000000e0f80000,0x00000000e1244bd8,0x00000000e1480000)
  to   space 5120K, 0% used [0x00000000e1e00000,0x00000000e1e00000,0x00000000e2300000)
 ParOldGen       total 44032K, used 7567K [0x00000000a0000000, 0x00000000a2b00000, 0x00000000e0000000)
  object space 44032K, 17% used [0x00000000a0000000,0x00000000a0763c40,0x00000000a2b00000)
 Metaspace       used 17654K, capacity 18038K, committed 18432K, reserved 1064960K
  class space    used 2549K, capacity 2717K, committed 2816K, reserved 1048576K
}
Event: 18.518 GC heap before
{Heap before GC invocations=10 (full 0):
 PSYoungGen      total 20992K, used 18706K [0x00000000e0000000, 0x00000000e2300000, 0x0000000100000000)
  eden space 15872K, 100% used [0x00000000e0000000,0x00000000e0f80000,0x00000000e0f80000)
  from space 5120K, 55% used [0x00000000e0f80000,0x00000000e1244bd8,0x00000000e1480000)
  to   space 5120K, 0% used [0x00000000e1e00000,0x00000000e1e00000,0x00000000e2300000)
 ParOldGen       total 44032K, used 7567K [0x00000000a0000000, 0x00000000a2b00000, 0x00000000e0000000)
  object space 44032K, 17% used [0x00000000a0000000,0x00000000a0763c40,0x00000000a2b00000)
 Metaspace       used 19512K, capacity 19970K, committed 20224K, reserved 1067008K
  class space    used 2797K, capacity 2963K, committed 3072K, reserved 1048576K
Event: 18.689 GC heap after
Heap after GC invocations=10 (full 0):
 PSYoungGen      total 30720K, used 2737K [0x00000000e0000000, 0x00000000e2300000, 0x0000000100000000)
  eden space 25600K, 0% used [0x00000000e0000000,0x00000000e0000000,0x00000000e1900000)
  from space 5120K, 53% used [0x00000000e1e00000,0x00000000e20ac530,0x00000000e2300000)
  to   space 5120K, 0% used [0x00000000e1900000,0x00000000e1900000,0x00000000e1e00000)
 ParOldGen       total 44032K, used 8701K [0x00000000a0000000, 0x00000000a2b00000, 0x00000000e0000000)
  object space 44032K, 19% used [0x00000000a0000000,0x00000000a087f4e8,0x00000000a2b00000)
 Metaspace       used 19512K, capacity 19970K, committed 20224K, reserved 1067008K
  class space    used 2797K, capacity 2963K, committed 3072K, reserved 1048576K
}
Event: 20.443 GC heap before
{Heap before GC invocations=11 (full 0):
 PSYoungGen      total 30720K, used 10447K [0x00000000e0000000, 0x00000000e2300000, 0x0000000100000000)
  eden space 25600K, 30% used [0x00000000e0000000,0x00000000e07876f8,0x00000000e1900000)
  from space 5120K, 53% used [0x00000000e1e00000,0x00000000e20ac530,0x00000000e2300000)
  to   space 5120K, 0% used [0x00000000e1900000,0x00000000e1900000,0x00000000e1e00000)
 ParOldGen       total 44032K, used 8701K [0x00000000a0000000, 0x00000000a2b00000, 0x00000000e0000000)
  object space 44032K, 19% used [0x00000000a0000000,0x00000000a087f4e8,0x00000000a2b00000)
 Metaspace       used 20689K, capacity 21122K, committed 21296K, reserved 1067008K
  class space    used 2905K, capacity 3091K, committed 3200K, reserved 1048576K
Event: 20.482 GC heap after
Heap after GC invocations=11 (full 0):
 PSYoungGen      total 30720K, used 1395K [0x00000000e0000000, 0x00000000e3300000, 0x0000000100000000)
  eden space 25600K, 0% used [0x00000000e0000000,0x00000000e0000000,0x00000000e1900000)
  from space 5120K, 27% used [0x00000000e1900000,0x00000000e1a5cd68,0x00000000e1e00000)
  to   space 5632K, 0% used [0x00000000e2d80000,0x00000000e2d80000,0x00000000e3300000)
 ParOldGen       total 44032K, used 9936K [0x00000000a0000000, 0x00000000a2b00000, 0x00000000e0000000)
  object space 44032K, 22% used [0x00000000a0000000,0x00000000a09b4200,0x00000000a2b00000)
 Metaspace       used 20689K, capacity 21122K, committed 21296K, reserved 1067008K
  class space    used 2905K, capacity 3091K, committed 3200K, reserved 1048576K
}
Event: 20.483 GC heap before
{Heap before GC invocations=12 (full 1):
 PSYoungGen      total 30720K, used 1395K [0x00000000e0000000, 0x00000000e3300000, 0x0000000100000000)
  eden space 25600K, 0% used [0x00000000e0000000,0x00000000e0000000,0x00000000e1900000)
  from space 5120K, 27% used [0x00000000e1900000,0x00000000e1a5cd68,0x00000000e1e00000)
  to   space 5632K, 0% used [0x00000000e2d80000,0x00000000e2d80000,0x00000000e3300000)
 ParOldGen       total 44032K, used 9936K [0x00000000a0000000, 0x00000000a2b00000, 0x00000000e0000000)
  object space 44032K, 22% used [0x00000000a0000000,0x00000000a09b4200,0x00000000a2b00000)
 Metaspace       used 20689K, capacity 21122K, committed 21296K, reserved 1067008K
  class space    used 2905K, capacity 3091K, committed 3200K, reserved 1048576K
Event: 20.798 GC heap after
Heap after GC invocations=12 (full 1):
 PSYoungGen      total 30720K, used 0K [0x00000000e0000000, 0x00000000e3300000, 0x0000000100000000)
  eden space 25600K, 0% used [0x00000000e0000000,0x00000000e0000000,0x00000000e1900000)
  from space 5120K, 0% used [0x00000000e1900000,0x00000000e1900000,0x00000000e1e00000)
  to   space 5632K, 0% used [0x00000000e2d80000,0x00000000e2d80000,0x00000000e3300000)
 ParOldGen       total 32256K, used 7674K [0x00000000a0000000, 0x00000000a1f80000, 0x00000000e0000000)
  object space 32256K, 23% used [0x00000000a0000000,0x00000000a077e9d8,0x00000000a1f80000)
 Metaspace       used 20689K, capacity 21122K, committed 21296K, reserved 1067008K
  class space    used 2905K, capacity 3091K, committed 3200K, reserved 1048576K
}

